I:\SUBDIVISION\RELEASE\ARCBALL.OBJ
I:\SUBDIVISION\RELEASE\CAMERA.OBJ
I:\SUBDIVISION\RELEASE\CHILDFRM.OBJ
I:\Subdivision\Release\cl.command.1.tlog
I:\Subdivision\Release\CL.read.1.tlog
I:\Subdivision\Release\CL.write.1.tlog
I:\Subdivision\Release\link.command.1.tlog
I:\Subdivision\Release\link.read.1.tlog
I:\Subdivision\Release\link.write.1.tlog
I:\Subdivision\Release\link-cvtres.read.1.tlog
I:\Subdivision\Release\link-cvtres.write.1.tlog
I:\SUBDIVISION\RELEASE\MAINFRM.OBJ
I:\SUBDIVISION\RELEASE\MATRIX44.OBJ
I:\SUBDIVISION\RELEASE\MESH3D.OBJ
I:\SUBDIVISION\RELEASE\MESHSUBDIVISION.OBJ
I:\Subdivision\Release\mt.command.1.tlog
I:\Subdivision\Release\mt.read.1.tlog
I:\Subdivision\Release\mt.write.1.tlog
I:\SUBDIVISION\RELEASE\QUATERNION.OBJ
I:\Subdivision\Release\rc.command.1.tlog
I:\Subdivision\Release\rc.read.1.tlog
I:\Subdivision\Release\rc.write.1.tlog
I:\SUBDIVISION\RELEASE\STDAFX.OBJ
I:\SUBDIVISION\RELEASE\SUBDIVISION.EXE
I:\SUBDIVISION\RELEASE\SUBDIVISION.EXE.INTERMEDIATE.MANIFEST
I:\SUBDIVISION\RELEASE\SUBDIVISION.OBJ
I:\SUBDIVISION\RELEASE\SUBDIVISION.PCH
I:\SUBDIVISION\RELEASE\SUBDIVISION.PDB
I:\SUBDIVISION\RELEASE\SUBDIVISION.RES
I:\SUBDIVISION\RELEASE\SUBDIVISIONDOC.OBJ
I:\SUBDIVISION\RELEASE\SUBDIVISIONVIEW.OBJ
I:\SUBDIVISION\RELEASE\VC100.PDB
I:\SUBDIVISION\RELEASE\VECTOR3D.OBJ
I:\SUBDIVISION\RELEASE\VIEWPORT.OBJ
Release\Subdivision.pdb
